<?xml version="1.0" encoding="UTF-8"?>
<!-- Generated by org.testng.reporters.JUnitReportReporter -->
<testsuite hostname="DESKTOP-UOT6FKJ" failures="0" tests="1" name="Demo.OrangeHRM" time="10.350" errors="0" timestamp="2024-06-05T01:56:41 BDT" skipped="0">
  <testcase classname="Demo.OrangeHRM" name="searchEmployeebyName" time="10.350"/>
</testsuite> <!-- Demo.OrangeHRM -->
