<?xml version="1.0" encoding="UTF-8"?>
<!-- Generated by org.testng.reporters.JUnitReportReporter -->
<testsuite hostname="DESKTOP-UOT6FKJ" failures="0" tests="5" name="Demo.OrangeHRM" time="45.359" errors="0" timestamp="2024-06-14T01:41:19 BDT" skipped="4">
  <testcase classname="Demo.OrangeHRM" name="fileUploadTest" time="45.359"/>
  <testcase classname="Demo.OrangeHRM" name="addEmployee">
    <skipped/>
  </testcase> <!-- addEmployee -->
  <testcase classname="Demo.OrangeHRM" name="invalidcredentialsLoginTest">
    <skipped/>
  </testcase> <!-- invalidcredentialsLoginTest -->
  <testcase classname="Demo.OrangeHRM" name="validcredentialsLoginTest">
    <skipped/>
  </testcase> <!-- validcredentialsLoginTest -->
  <testcase classname="Demo.OrangeHRM" name="searchEmployeebyName">
    <skipped/>
  </testcase> <!-- searchEmployeebyName -->
</testsuite> <!-- Demo.OrangeHRM -->
