<?xml version="1.0" encoding="UTF-8"?>
<!-- Generated by org.testng.reporters.JUnitReportReporter -->
<testsuite hostname="DESKTOP-UOT6FKJ" failures="0" tests="2" name="Demo.OrangeHRM" time="13.452" errors="0" timestamp="2024-05-27T01:19:20 BDT" skipped="0">
  <testcase classname="Demo.OrangeHRM" name="invalidcredentialsLoginTest" time="11.689"/>
  <testcase classname="Demo.OrangeHRM" name="validcredentialsLoginTest" time="1.763"/>
</testsuite> <!-- Demo.OrangeHRM -->
