<?xml version="1.0" encoding="UTF-8"?>
<!-- Generated by org.testng.reporters.JUnitReportReporter -->
<testsuite hostname="DESKTOP-UOT6FKJ" failures="0" tests="6" name="Demo.OrangeHRM" time="27.594" errors="0" timestamp="2024-06-17T00:49:43 BDT" skipped="5">
  <testcase classname="Demo.OrangeHRM" name="deleteEmployee" time="27.594"/>
  <testcase classname="Demo.OrangeHRM" name="validcredentialsLoginTest">
    <skipped/>
  </testcase> <!-- validcredentialsLoginTest -->
  <testcase classname="Demo.OrangeHRM" name="invalidcredentialsLoginTest">
    <skipped/>
  </testcase> <!-- invalidcredentialsLoginTest -->
  <testcase classname="Demo.OrangeHRM" name="searchEmployeebyName">
    <skipped/>
  </testcase> <!-- searchEmployeebyName -->
  <testcase classname="Demo.OrangeHRM" name="addEmployee">
    <skipped/>
  </testcase> <!-- addEmployee -->
  <testcase classname="Demo.OrangeHRM" name="fileUploadTest">
    <skipped/>
  </testcase> <!-- fileUploadTest -->
</testsuite> <!-- Demo.OrangeHRM -->
